This is pdfTeX, Version 3.14159265-2.6-1.40.20 (MiKTeX 2.9.7000) (preloaded format=pdflatex 2019.5.28)  28 MAY 2019 17:18
entering extended mode
**./dissertacao.tex
(dissertacao.tex
LaTeX2e <2018-12-01>
(/home/marcelo/.miktex/texmfs/install/tex/latex/thesis/thesis.cls
Document Class: thesis 1996/25/01 1.0g LaTeX document class (wm).
\hours=\count80
\minutes=\count81
(/home/marcelo/.miktex/texmfs/install/tex/latex/base/bk12.clo
File: bk12.clo 2018/09/03 v1.4i Standard LaTeX file (size option)
)
\c@part=\count82
\c@chapter=\count83
\c@section=\count84
\c@subsection=\count85
\c@subsubsection=\count86
\c@paragraph=\count87
\c@subparagraph=\count88
\beforechaptervspace=\skip41
\afterchaptervspace=\skip42
\exampleindent=\skip43
\c@figure=\count89
\c@table=\count90
\abovecaptionskip=\skip44
\belowcaptionskip=\skip45
\bibindent=\dimen102
)
(dissertacao.aux)
\openout1 = `dissertacao.aux'.

LaTeX Font Info:    Checking defaults for OML/cmm/m/it on input line 7.
LaTeX Font Info:    ... okay on input line 7.
LaTeX Font Info:    Checking defaults for T1/cmr/m/n on input line 7.
LaTeX Font Info:    ... okay on input line 7.
LaTeX Font Info:    Checking defaults for OT1/cmr/m/n on input line 7.
LaTeX Font Info:    ... okay on input line 7.
LaTeX Font Info:    Checking defaults for OMS/cmsy/m/n on input line 7.
LaTeX Font Info:    ... okay on input line 7.
LaTeX Font Info:    Checking defaults for OMX/cmex/m/n on input line 7.
LaTeX Font Info:    ... okay on input line 7.
LaTeX Font Info:    Checking defaults for U/cmr/m/n on input line 7.
LaTeX Font Info:    ... okay on input line 7.
LaTeX Font Info:    External font `cmex10' loaded for size
(Font)              <12> on input line 8.
LaTeX Font Info:    External font `cmex10' loaded for size
(Font)              <8> on input line 8.
LaTeX Font Info:    External font `cmex10' loaded for size
(Font)              <6> on input line 8.


LaTeX Warning: No \author given.

[1


{/home/marcelo/.miktex/texmfs/data/pdftex/config/pdftex.map}]
Overfull \hbox (8.80003pt too wide) in paragraph at lines 17--21
\OT1/cmr/m/n/12 Na base de dados da TPU, valores de cp s~ao disponibilizados pa
ra 25 geometrias
 []

[2] (dissertacao.aux) ) 
Here is how much of TeX's memory you used:
 428 strings out of 494857
 4765 string characters out of 3178112
 59630 words of memory out of 3000000
 4161 multiletter control sequences out of 15000+200000
 8330 words of font info for 29 fonts, out of 3000000 for 9000
 0 hyphenation exceptions out of 8191
 22i,7n,18p,191b,182s stack positions out of 5000i,500n,10000p,200000b,50000s
</home/marcelo/.miktex/texmfs/install/fonts/type1/public
/amsfonts/cm/cmr12.pfb></home/marcelo/.miktex/texmfs/install/fonts/type1/public
/amsfonts/cm/cmr17.pfb></home/marcelo/.miktex/texmfs/install/fonts/type1/public
/amsfonts/cm/cmsl10.pfb></home/marcelo/.miktex/texmfs/install/fonts/type1/publi
c/amsfonts/cm/cmsl12.pfb>
Output written on dissertacao.pdf (2 pages, 51744 bytes).
PDF statistics:
 25 PDF objects out of 1000 (max. 8388607)
 0 named destinations out of 1000 (max. 500000)
 1 words of extra memory for PDF output out of 10000 (max. 10000000)

