\BOOKMARK [0][-]{chap:resumo.0}{Resumo}{}% 1
\BOOKMARK [0][-]{chap:abstract.0}{Abstract}{}% 2
\BOOKMARK [0][-]{chap:ListOfFigures.0}{Lista de Figuras}{}% 3
\BOOKMARK [0][-]{chap:ListOfTables.0}{Lista de Tabelas}{}% 4
\BOOKMARK [0][-]{chap:Contents.0}{Sum\341rio}{}% 5
\BOOKMARK [0][-]{chapter.1}{Introdu\347\343o}{}% 6
\BOOKMARK [1][-]{section.1.1}{Objetivos}{chapter.1}% 7
\BOOKMARK [2][-]{subsection.1.1.1}{Objetivo geral}{section.1.1}% 8
\BOOKMARK [2][-]{subsection.1.1.2}{Objetivos espec\355ficos}{section.1.1}% 9
\BOOKMARK [1][-]{section.1.2}{Estrutura do trabalho}{chapter.1}% 10
\BOOKMARK [0][-]{chapter.2}{Revis\343o de literatura}{}% 11
\BOOKMARK [1][-]{section.2.1}{Ventila\347\343o natural}{chapter.2}% 12
\BOOKMARK [1][-]{section.2.2}{Conforto T\351rmico}{chapter.2}% 13
\BOOKMARK [1][-]{section.2.3}{Ventila\347\343o natural em edif\355cios de escrit\363rios}{chapter.2}% 14
\BOOKMARK [1][-]{section.2.4}{An\341lise de sensibilidade}{chapter.2}% 15
\BOOKMARK [1][-]{section.2.5}{Metamodelos de efici\352ncia energ\351tica em edifica\347\365es}{chapter.2}% 16
\BOOKMARK [0][-]{chapter.3}{Metodologia}{}% 17
\BOOKMARK [1][-]{section.3.1}{Banco de Dados de Edifica\347\365es de Escrit\363rios}{chapter.3}% 18
\BOOKMARK [1][-]{section.3.2}{Conforto T\351rmico}{chapter.3}% 19
\BOOKMARK [1][-]{section.3.3}{Modelo Preliminar}{chapter.3}% 20
\BOOKMARK [1][-]{section.3.4}{Ventila\347\343o natural}{chapter.3}% 21
\BOOKMARK [1][-]{section.3.5}{Modelo simplificado}{chapter.3}% 22
\BOOKMARK [1][-]{section.3.6}{T\372nel de vento x M\351todo anal\355tico}{chapter.3}% 23
\BOOKMARK [1][-]{section.3.7}{Representa\347\343o da envolt\363ria}{chapter.3}% 24
\BOOKMARK [1][-]{section.3.8}{Condi\347\343o de contorno das paredes adjacentes}{chapter.3}% 25
\BOOKMARK [1][-]{section.3.9}{Modelagem da ventila\347\343o natural no modelo simplificado}{chapter.3}% 26
\BOOKMARK [1][-]{section.3.10}{An\341lise de sensibilidade}{chapter.3}% 27
\BOOKMARK [1][-]{section.3.11}{Desenvolvimento da rede neural artificial}{chapter.3}% 28
\BOOKMARK [0][-]{chapter.4}{Resultados e Discuss\365es}{}% 29
\BOOKMARK [0][-]{chapter.5}{Conclus\365es}{}% 30
\BOOKMARK [1][-]{section.5.1}{Limita\347\365es e justificativas}{chapter.5}% 31
\BOOKMARK [1][-]{section.5.2}{Sugest\365es para trabalhos futuros}{chapter.5}% 32
\BOOKMARK [0][-]{chapter.A}{Classifica\347\343o clim\341tica de K\366ppen-Geiger}{}% 33
\BOOKMARK [0][-]{chapter.B}{C\363digo...}{}% 34
\BOOKMARK [0][-]{chapter*.8}{Refer\352ncias}{}% 35
